#
# There is insufficient memory for the Java Runtime Environment to continue.
# Native memory allocation (malloc) failed to allocate 245376 bytes for Chunk::new
# Possible reasons:
#   The system is out of physical RAM or swap space
#   The process is running with CompressedOops enabled, and the Java Heap may be blocking the growth of the native heap
# Possible solutions:
#   Reduce memory load on the system
#   Increase physical memory or swap space
#   Check if swap backing store is full
#   Decrease Java heap size (-Xmx/-Xms)
#   Decrease number of Java threads
#   Decrease Java thread stack sizes (-Xss)
#   Set larger code cache with -XX:ReservedCodeCacheSize=
#   JVM is running with Unscaled Compressed Oops mode in which the Java heap is
#     placed in the first 4GB address space. The Java Heap base address is the
#     maximum limit for the native heap growth. Please use -XX:HeapBaseMinAddress
#     to set the Java Heap base and to place the Java Heap above 4GB virtual address.
# This output file may be truncated or incomplete.
#
#  Out of Memory Error (arena.cpp:191), pid=4888, tid=1264
#
# JRE version: OpenJDK Runtime Environment Temurin-17.0.10+7 (17.0.10+7) (build 17.0.10+7)
# Java VM: OpenJDK 64-Bit Server VM Temurin-17.0.10+7 (17.0.10+7, mixed mode, tiered, compressed oops, compressed class ptrs, parallel gc, windows-amd64)
# No core dump will be written. Minidumps are not enabled by default on client versions of Windows
#

---------------  S U M M A R Y ------------

Command Line: --add-modules=ALL-SYSTEM --add-opens=java.base/java.util=ALL-UNNAMED --add-opens=java.base/java.lang=ALL-UNNAMED --add-opens=java.base/sun.nio.fs=ALL-UNNAMED -Declipse.application=org.eclipse.jdt.ls.core.id1 -Dosgi.bundles.defaultStartLevel=4 -Declipse.product=org.eclipse.jdt.ls.core.product -Djava.import.generatesMetadataFilesAtProjectRoot=false -DDetectVMInstallationsJob.disabled=true -Dfile.encoding=utf8 -XX:+UseParallelGC -XX:GCTimeRatio=4 -XX:AdaptiveSizePolicyWeight=90 -Dsun.zip.disableMemoryMapping=true -Xmx1G -Xms100m -Xlog:disable -javaagent:c:\Users\User\.vscode\extensions\redhat.java-1.30.0-win32-x64\lombok\lombok-1.18.32.jar c:\Users\User\.vscode\extensions\redhat.java-1.30.0-win32-x64\server\plugins\org.eclipse.equinox.launcher_1.6.800.v20240330-1250.jar -configuration c:\Users\User\AppData\Roaming\Code\User\globalStorage\redhat.java\1.30.0\config_ss_win -data c:\Users\User\AppData\Roaming\Code\User\workspaceStorage\8a7cc26e94838f83a7f25e2d98ed33b2\redhat.java\ss_ws --pipe=\\.\pipe\lsp-7669f30c24de740fb372856342c4a5ac-sock

Host: Intel(R) Xeon(R) CPU E5-2699 v3 @ 2.30GHz, 6 cores, 15G,  Windows 10 , 64 bit Build 19041 (10.0.19041.3636)
Time: Tue May 14 16:54:30 2024 Malay Peninsula Standard Time elapsed time: 1.416115 seconds (0d 0h 0m 1s)

---------------  T H R E A D  ---------------

Current thread (0x000001be50f02290):  JavaThread "C2 CompilerThread0" daemon [_thread_in_native, id=1264, stack(0x0000001e08e00000,0x0000001e08f00000)]


Current CompileTask:
C2:   1416  607 %     4       sun.security.provider.SHA2::implCompress0 @ 27 (490 bytes)

Stack: [0x0000001e08e00000,0x0000001e08f00000]
Native frames: (J=compiled Java code, j=interpreted, Vv=VM code, C=native code)
V  [jvm.dll+0x67d2c9]
V  [jvm.dll+0x834afa]
V  [jvm.dll+0x8365be]
V  [jvm.dll+0x836c23]
V  [jvm.dll+0x2477ff]
V  [jvm.dll+0xac514]
V  [jvm.dll+0xacb5c]
V  [jvm.dll+0x2aed1f]
V  [jvm.dll+0x584b67]
V  [jvm.dll+0x2228a2]
V  [jvm.dll+0x222c8f]
V  [jvm.dll+0x21bdb6]
V  [jvm.dll+0x219201]
V  [jvm.dll+0x1a502d]
V  [jvm.dll+0x2290de]
V  [jvm.dll+0x2272ac]
V  [jvm.dll+0x7e9bb7]
V  [jvm.dll+0x7e3fba]
V  [jvm.dll+0x67c1b5]
C  [ucrtbase.dll+0x21bb2]
C  [KERNEL32.DLL+0x17344]
C  [ntdll.dll+0x526b1]


---------------  P R O C E S S  ---------------

Threads class SMR info:
_java_thread_list=0x000001be5120d1b0, length=13, elements={
0x000001be359efd00, 0x000001be35aaaa50, 0x000001be35aab7e0, 0x000001be4b7df7c0,
0x000001be4b7e0450, 0x000001be4b7e1780, 0x000001be4b7e4f60, 0x000001be50f02290,
0x000001be50f03750, 0x000001be50f04450, 0x000001be35a52eb0, 0x000001be5116d640,
0x000001be51244800
}

Java Threads: ( => current thread )
  0x000001be359efd00 JavaThread "main" [_thread_in_native, id=1524, stack(0x0000001e08500000,0x0000001e08600000)]
  0x000001be35aaaa50 JavaThread "Reference Handler" daemon [_thread_blocked, id=1512, stack(0x0000001e08800000,0x0000001e08900000)]
  0x000001be35aab7e0 JavaThread "Finalizer" daemon [_thread_blocked, id=2236, stack(0x0000001e08900000,0x0000001e08a00000)]
  0x000001be4b7df7c0 JavaThread "Signal Dispatcher" daemon [_thread_blocked, id=13128, stack(0x0000001e08a00000,0x0000001e08b00000)]
  0x000001be4b7e0450 JavaThread "Attach Listener" daemon [_thread_blocked, id=9812, stack(0x0000001e08b00000,0x0000001e08c00000)]
  0x000001be4b7e1780 JavaThread "Service Thread" daemon [_thread_blocked, id=9064, stack(0x0000001e08c00000,0x0000001e08d00000)]
  0x000001be4b7e4f60 JavaThread "Monitor Deflation Thread" daemon [_thread_blocked, id=1808, stack(0x0000001e08d00000,0x0000001e08e00000)]
=>0x000001be50f02290 JavaThread "C2 CompilerThread0" daemon [_thread_in_native, id=1264, stack(0x0000001e08e00000,0x0000001e08f00000)]
  0x000001be50f03750 JavaThread "C1 CompilerThread0" daemon [_thread_blocked, id=6212, stack(0x0000001e08f00000,0x0000001e09000000)]
  0x000001be50f04450 JavaThread "Sweeper thread" daemon [_thread_blocked, id=1428, stack(0x0000001e09000000,0x0000001e09100000)]
  0x000001be35a52eb0 JavaThread "Common-Cleaner" daemon [_thread_blocked, id=5552, stack(0x0000001e09100000,0x0000001e09200000)]
  0x000001be5116d640 JavaThread "Notification Thread" daemon [_thread_blocked, id=4380, stack(0x0000001e09200000,0x0000001e09300000)]
  0x000001be51244800 JavaThread "C2 CompilerThread1" daemon [_thread_blocked, id=6192, stack(0x0000001e09400000,0x0000001e09500000)]

Other Threads:
  0x000001be35aa2000 VMThread "VM Thread" [stack: 0x0000001e08700000,0x0000001e08800000] [id=15736]
  0x000001be5116db20 WatcherThread [stack: 0x0000001e09300000,0x0000001e09400000] [id=14936]
  0x000001be35a05100 GCTaskThread "GC Thread#0" [stack: 0x0000001e08600000,0x0000001e08700000] [id=924]

Threads with active compile tasks:
C2 CompilerThread0     1471  607 %     4       sun.security.provider.SHA2::implCompress0 @ 27 (490 bytes)

VM state: not at safepoint (normal execution)

VM Mutex/Monitor currently owned by a thread: None

Heap address: 0x00000000c0000000, size: 1024 MB, Compressed Oops mode: 32-bit

CDS archive(s) not mapped
Compressed class space mapped at: 0x0000000100000000-0x0000000140000000, reserved size: 1073741824
Narrow klass base: 0x0000000000000000, Narrow klass shift: 3, Narrow klass range: 0x140000000

GC Precious Log:
 CPUs: 6 total, 6 available
 Memory: 16383M
 Large Page Support: Disabled
 NUMA Support: Disabled
 Compressed Oops: Enabled (32-bit)
 Alignments: Space 512K, Generation 512K, Heap 2M
 Heap Min Capacity: 100M
 Heap Initial Capacity: 100M
 Heap Max Capacity: 1G
 Pre-touch: Disabled
 Parallel Workers: 6

Heap:
 PSYoungGen      total 29696K, used 14037K [0x00000000eab00000, 0x00000000ecc00000, 0x0000000100000000)
  eden space 25600K, 54% used [0x00000000eab00000,0x00000000eb8b5718,0x00000000ec400000)
  from space 4096K, 0% used [0x00000000ec800000,0x00000000ec800000,0x00000000ecc00000)
  to   space 4096K, 0% used [0x00000000ec400000,0x00000000ec400000,0x00000000ec800000)
 ParOldGen       total 68608K, used 0K [0x00000000c0000000, 0x00000000c4300000, 0x00000000eab00000)
  object space 68608K, 0% used [0x00000000c0000000,0x00000000c0000000,0x00000000c4300000)
 Metaspace       used 9127K, committed 9216K, reserved 1114112K
  class space    used 901K, committed 960K, reserved 1048576K

Card table byte_map: [0x000001be49080000,0x000001be49290000] _byte_map_base: 0x000001be48a80000

Marking Bits: (ParMarkBitMap*) 0x00007ffc62dad7d0
 Begin Bits: [0x000001be493f0000, 0x000001be4a3f0000)
 End Bits:   [0x000001be4a3f0000, 0x000001be4b3f0000)

Polling page: 0x000001be35ab0000

Metaspace:

Usage:
  Non-class:      8.03 MB used.
      Class:    901.95 KB used.
       Both:      8.91 MB used.

Virtual space:
  Non-class space:       64.00 MB reserved,       8.06 MB ( 13%) committed,  1 nodes.
      Class space:        1.00 GB reserved,     960.00 KB ( <1%) committed,  1 nodes.
             Both:        1.06 GB reserved,       9.00 MB ( <1%) committed. 

Chunk freelists:
   Non-Class:  7.94 MB
       Class:  15.08 MB
        Both:  23.02 MB

MaxMetaspaceSize: unlimited
CompressedClassSpaceSize: 1.00 GB
Initial GC threshold: 21.00 MB
Current GC threshold: 21.00 MB
CDS: off
MetaspaceReclaimPolicy: balanced
 - commit_granule_bytes: 65536.
 - commit_granule_words: 8192.
 - virtual_space_node_default_size: 8388608.
 - enlarge_chunks_in_place: 1.
 - new_chunks_are_fully_committed: 0.
 - uncommit_free_chunks: 1.
 - use_allocation_guard: 0.
 - handle_deallocations: 1.


Internal statistics:

num_allocs_failed_limit: 0.
num_arena_births: 10.
num_arena_deaths: 0.
num_vsnodes_births: 2.
num_vsnodes_deaths: 0.
num_space_committed: 144.
num_space_uncommitted: 0.
num_chunks_returned_to_freelist: 0.
num_chunks_taken_from_freelist: 44.
num_chunk_merges: 0.
num_chunk_splits: 26.
num_chunks_enlarged: 25.
num_inconsistent_stats: 0.

CodeHeap 'non-profiled nmethods': size=120000Kb used=243Kb max_used=243Kb free=119756Kb
 bounds [0x000001be41970000, 0x000001be41be0000, 0x000001be48ea0000]
CodeHeap 'profiled nmethods': size=120000Kb used=985Kb max_used=985Kb free=119014Kb
 bounds [0x000001be39ea0000, 0x000001be3a110000, 0x000001be413d0000]
CodeHeap 'non-nmethods': size=5760Kb used=1132Kb max_used=1162Kb free=4627Kb
 bounds [0x000001be413d0000, 0x000001be41640000, 0x000001be41970000]
 total_blobs=1053 nmethods=631 adapters=337
 compilation: enabled
              stopped_count=0, restarted_count=0
 full_count=0

Compilation events (20 events):
Event: 1.340 Thread 0x000001be51244800  593       4       lombok.patcher.PatchScript::classMatches (41 bytes)
Event: 1.341 Thread 0x000001be50f03750 nmethod 600 0x000001be39f74610 code [0x000001be39f74800, 0x000001be39f75068]
Event: 1.342 Thread 0x000001be50f03750  601       3       sun.security.provider.ByteArrayAccess::b2iBig64 (231 bytes)
Event: 1.352 Thread 0x000001be50f03750 nmethod 601 0x000001be39f75510 code [0x000001be39f75fe0, 0x000001be39f7c3b8]
Event: 1.352 Thread 0x000001be50f03750  602       3       sun.security.provider.SHA2::implCompress (13 bytes)
Event: 1.353 Thread 0x000001be50f03750 nmethod 602 0x000001be39f7e110 code [0x000001be39f7e300, 0x000001be39f7e748]
Event: 1.353 Thread 0x000001be50f03750  603       3       sun.security.provider.SHA2::implCompressCheck (27 bytes)
Event: 1.353 Thread 0x000001be50f03750 nmethod 603 0x000001be39f7e910 code [0x000001be39f7eae0, 0x000001be39f7ee98]
Event: 1.376 Thread 0x000001be50f03750  608       3       java.lang.ClassLoader::findLoadedClass (15 bytes)
Event: 1.376 Thread 0x000001be50f03750 nmethod 608 0x000001be39f7f010 code [0x000001be39f7f1c0, 0x000001be39f7f3b8]
Event: 1.388 Thread 0x000001be50f03750  610       1       java.lang.Module::getDescriptor (5 bytes)
Event: 1.388 Thread 0x000001be50f03750 nmethod 610 0x000001be419a6690 code [0x000001be419a6820, 0x000001be419a68f8]
Event: 1.393 Thread 0x000001be50f03750  611       1       java.util.Collections$EmptyIterator::hasNext (2 bytes)
Event: 1.394 Thread 0x000001be50f03750 nmethod 611 0x000001be419a6990 code [0x000001be419a6b20, 0x000001be419a6bf8]
Event: 1.397 Thread 0x000001be50f02290 nmethod 592 0x000001be419a6c90 code [0x000001be419a6ec0, 0x000001be419a8258]
Event: 1.397 Thread 0x000001be50f02290  607 %     4       sun.security.provider.SHA2::implCompress0 @ 27 (490 bytes)
Event: 1.407 Thread 0x000001be51244800 nmethod 593 0x000001be419a9310 code [0x000001be419a9520, 0x000001be419aa678]
Event: 1.408 Thread 0x000001be51244800  604       4       jdk.internal.misc.Unsafe::getIntUnaligned (12 bytes)
Event: 1.409 Thread 0x000001be51244800 nmethod 604 0x000001be419ab610 code [0x000001be419ab780, 0x000001be419ab838]
Event: 1.409 Thread 0x000001be51244800  605       4       java.lang.invoke.VarHandleGuards::guard_LI_I (78 bytes)

GC Heap History (0 events):
No events

Dll operation events (8 events):
Event: 0.091 Loaded shared library c:\Users\User\.vscode\extensions\redhat.java-1.30.0-win32-x64\jre\17.0.10-win32-x86_64\bin\java.dll
Event: 0.444 Loaded shared library c:\Users\User\.vscode\extensions\redhat.java-1.30.0-win32-x64\jre\17.0.10-win32-x86_64\bin\zip.dll
Event: 0.451 Loaded shared library C:\Users\User\.vscode\extensions\redhat.java-1.30.0-win32-x64\jre\17.0.10-win32-x86_64\bin\instrument.dll
Event: 0.492 Loaded shared library C:\Users\User\.vscode\extensions\redhat.java-1.30.0-win32-x64\jre\17.0.10-win32-x86_64\bin\net.dll
Event: 0.509 Loaded shared library C:\Users\User\.vscode\extensions\redhat.java-1.30.0-win32-x64\jre\17.0.10-win32-x86_64\bin\nio.dll
Event: 0.521 Loaded shared library C:\Users\User\.vscode\extensions\redhat.java-1.30.0-win32-x64\jre\17.0.10-win32-x86_64\bin\zip.dll
Event: 0.564 Loaded shared library C:\Users\User\.vscode\extensions\redhat.java-1.30.0-win32-x64\jre\17.0.10-win32-x86_64\bin\jimage.dll
Event: 0.710 Loaded shared library c:\Users\User\.vscode\extensions\redhat.java-1.30.0-win32-x64\jre\17.0.10-win32-x86_64\bin\verify.dll

Deoptimization events (20 events):
Event: 0.970 Thread 0x000001be359efd00 DEOPT PACKING pc=0x000001be4197e6a0 sp=0x0000001e085fdb40
Event: 0.970 Thread 0x000001be359efd00 DEOPT UNPACKING pc=0x000001be414266a3 sp=0x0000001e085fdab0 mode 2
Event: 0.972 Thread 0x000001be359efd00 DEOPT PACKING pc=0x000001be39eb9280 sp=0x0000001e085fb9a0
Event: 0.972 Thread 0x000001be359efd00 DEOPT UNPACKING pc=0x000001be41426e43 sp=0x0000001e085fae60 mode 0
Event: 1.064 Thread 0x000001be359efd00 Uncommon trap: trap_request=0xffffff45 fr.pc=0x000001be41986940 relative=0x00000000000000c0
Event: 1.064 Thread 0x000001be359efd00 Uncommon trap: reason=unstable_if action=reinterpret pc=0x000001be41986940 method=java.net.URI.match(CJJ)Z @ 45 c2
Event: 1.064 Thread 0x000001be359efd00 DEOPT PACKING pc=0x000001be41986940 sp=0x0000001e085fc7c0
Event: 1.064 Thread 0x000001be359efd00 DEOPT UNPACKING pc=0x000001be414266a3 sp=0x0000001e085fc748 mode 2
Event: 1.094 Thread 0x000001be359efd00 Uncommon trap: trap_request=0xffffff45 fr.pc=0x000001be4199767c relative=0x000000000000061c
Event: 1.094 Thread 0x000001be359efd00 Uncommon trap: reason=unstable_if action=reinterpret pc=0x000001be4199767c method=java.lang.String.replace(Ljava/lang/CharSequence;Ljava/lang/CharSequence;)Ljava/lang/String; @ 48 c2
Event: 1.094 Thread 0x000001be359efd00 DEOPT PACKING pc=0x000001be4199767c sp=0x0000001e085fc730
Event: 1.094 Thread 0x000001be359efd00 DEOPT UNPACKING pc=0x000001be414266a3 sp=0x0000001e085fc6b0 mode 2
Event: 1.254 Thread 0x000001be359efd00 Uncommon trap: trap_request=0xffffff45 fr.pc=0x000001be41985358 relative=0x00000000000002d8
Event: 1.254 Thread 0x000001be359efd00 Uncommon trap: reason=unstable_if action=reinterpret pc=0x000001be41985358 method=java.lang.StringUTF16.compress([CI[BII)I @ 20 c2
Event: 1.254 Thread 0x000001be359efd00 DEOPT PACKING pc=0x000001be41985358 sp=0x0000001e085fb8a0
Event: 1.255 Thread 0x000001be359efd00 DEOPT UNPACKING pc=0x000001be414266a3 sp=0x0000001e085fb820 mode 2
Event: 1.293 Thread 0x000001be359efd00 Uncommon trap: trap_request=0xffffff6e fr.pc=0x000001be419a1a64 relative=0x00000000000001e4
Event: 1.293 Thread 0x000001be359efd00 Uncommon trap: reason=loop_limit_check action=maybe_recompile pc=0x000001be419a1a64 method=java.math.BigInteger.implMulAdd([I[IIII)I @ 26 c2
Event: 1.293 Thread 0x000001be359efd00 DEOPT PACKING pc=0x000001be419a1a64 sp=0x0000001e085fd640
Event: 1.293 Thread 0x000001be359efd00 DEOPT UNPACKING pc=0x000001be414266a3 sp=0x0000001e085fd590 mode 2

Classes unloaded (0 events):
No events

Classes redefined (0 events):
No events

Internal exceptions (3 events):
Event: 0.399 Thread 0x000001be359efd00 Exception <a 'java/lang/NoSuchMethodError'{0x00000000eacb4d80}: 'void java.lang.invoke.DirectMethodHandle$Holder.invokeStatic(java.lang.Object, java.lang.Object, java.lang.Object)'> (0x00000000eacb4d80) 
thrown [s\src\hotspot\share\interpreter\linkResolver.cpp, line 759]
Event: 0.755 Thread 0x000001be359efd00 Exception <a 'java/lang/reflect/InvocationTargetException'{0x00000000eafe5d50}> (0x00000000eafe5d50) 
thrown [s\src\hotspot\share\runtime\reflection.cpp, line 1121]
Event: 1.395 Thread 0x000001be359efd00 Exception <a 'java/lang/ClassNotFoundException'{0x00000000eb84f7d8}: sun/net/www/protocol/c/Handler> (0x00000000eb84f7d8) 
thrown [s\src\hotspot\share\classfile\systemDictionary.cpp, line 256]

VM Operations (10 events):
Event: 0.410 Executing VM operation: HandshakeAllThreads
Event: 0.410 Executing VM operation: HandshakeAllThreads done
Event: 0.596 Executing VM operation: HandshakeAllThreads
Event: 0.596 Executing VM operation: HandshakeAllThreads done
Event: 1.319 Executing VM operation: HandshakeAllThreads
Event: 1.319 Executing VM operation: HandshakeAllThreads done
Event: 1.319 Executing VM operation: Cleanup
Event: 1.319 Executing VM operation: Cleanup done
Event: 1.372 Executing VM operation: HandshakeAllThreads
Event: 1.372 Executing VM operation: HandshakeAllThreads done

Events (20 events):
Event: 1.384 loading class java/util/ServiceLoader$ModuleServicesLookupIterator
Event: 1.384 loading class java/util/ServiceLoader$ModuleServicesLookupIterator done
Event: 1.385 loading class java/util/Spliterators$ArraySpliterator
Event: 1.387 loading class java/util/Spliterators$ArraySpliterator done
Event: 1.387 loading class java/util/Spliterators$1Adapter
Event: 1.388 loading class java/util/Spliterators$1Adapter done
Event: 1.388 loading class java/util/ServiceLoader$LazyClassPathLookupIterator
Event: 1.389 loading class java/util/ServiceLoader$LazyClassPathLookupIterator done
Event: 1.389 loading class java/util/ServiceLoader$2
Event: 1.389 loading class java/util/ServiceLoader$2 done
Event: 1.389 loading class java/util/ServiceLoader$3
Event: 1.389 loading class java/util/ServiceLoader$3 done
Event: 1.389 loading class java/util/Collections$EmptyEnumeration
Event: 1.390 loading class java/util/Collections$EmptyEnumeration done
Event: 1.390 loading class jdk/internal/loader/BuiltinClassLoader$1
Event: 1.390 loading class jdk/internal/loader/BuiltinClassLoader$1 done
Event: 1.390 loading class java/lang/CompoundEnumeration
Event: 1.390 loading class java/lang/CompoundEnumeration done
Event: 1.393 loading class jdk/internal/loader/URLClassPath$1
Event: 1.394 loading class jdk/internal/loader/URLClassPath$1 done


Dynamic libraries:
0x00007ff777090000 - 0x00007ff77709e000 	c:\Users\User\.vscode\extensions\redhat.java-1.30.0-win32-x64\jre\17.0.10-win32-x86_64\bin\java.exe
0x00007ffcca8f0000 - 0x00007ffccaae8000 	C:\Windows\SYSTEM32\ntdll.dll
0x00007ffcc8a50000 - 0x00007ffcc8b0d000 	C:\Windows\System32\KERNEL32.DLL
0x00007ffcc8350000 - 0x00007ffcc8646000 	C:\Windows\System32\KERNELBASE.dll
0x00007ffcc80c0000 - 0x00007ffcc81c0000 	C:\Windows\System32\ucrtbase.dll
0x00007ffcc5740000 - 0x00007ffcc5757000 	c:\Users\User\.vscode\extensions\redhat.java-1.30.0-win32-x64\jre\17.0.10-win32-x86_64\bin\jli.dll
0x00007ffcca1c0000 - 0x00007ffcca35f000 	C:\Windows\System32\USER32.dll
0x00007ffcc5360000 - 0x00007ffcc537b000 	c:\Users\User\.vscode\extensions\redhat.java-1.30.0-win32-x64\jre\17.0.10-win32-x86_64\bin\VCRUNTIME140.dll
0x00007ffcc8320000 - 0x00007ffcc8342000 	C:\Windows\System32\win32u.dll
0x00007ffcc91e0000 - 0x00007ffcc920b000 	C:\Windows\System32\GDI32.dll
0x00007ffcafac0000 - 0x00007ffcafd5a000 	C:\Windows\WinSxS\amd64_microsoft.windows.common-controls_6595b64144ccf1df_6.0.19041.3636_none_60b6a03d71f818d5\COMCTL32.dll
0x00007ffcc8700000 - 0x00007ffcc8817000 	C:\Windows\System32\gdi32full.dll
0x00007ffcc7fa0000 - 0x00007ffcc803d000 	C:\Windows\System32\msvcp_win.dll
0x00007ffcc9210000 - 0x00007ffcc92ae000 	C:\Windows\System32\msvcrt.dll
0x00007ffcca360000 - 0x00007ffcca392000 	C:\Windows\System32\IMM32.DLL
0x00007ffcc5730000 - 0x00007ffcc573c000 	c:\Users\User\.vscode\extensions\redhat.java-1.30.0-win32-x64\jre\17.0.10-win32-x86_64\bin\vcruntime140_1.dll
0x00007ffcb3870000 - 0x00007ffcb38fd000 	c:\Users\User\.vscode\extensions\redhat.java-1.30.0-win32-x64\jre\17.0.10-win32-x86_64\bin\msvcp140.dll
0x00007ffc62210000 - 0x00007ffc62e72000 	c:\Users\User\.vscode\extensions\redhat.java-1.30.0-win32-x64\jre\17.0.10-win32-x86_64\bin\server\jvm.dll
0x00007ffcca050000 - 0x00007ffcca100000 	C:\Windows\System32\ADVAPI32.dll
0x00007ffcca120000 - 0x00007ffcca1c0000 	C:\Windows\System32\sechost.dll
0x00007ffcc92d0000 - 0x00007ffcc93f3000 	C:\Windows\System32\RPCRT4.dll
0x00007ffcc8040000 - 0x00007ffcc8067000 	C:\Windows\System32\bcrypt.dll
0x00007ffcc7e00000 - 0x00007ffcc7e4b000 	C:\Windows\SYSTEM32\POWRPROF.dll
0x00007ffcb84f0000 - 0x00007ffcb84f9000 	C:\Windows\SYSTEM32\WSOCK32.dll
0x00007ffcca620000 - 0x00007ffcca68b000 	C:\Windows\System32\WS2_32.dll
0x00007ffcb8450000 - 0x00007ffcb8477000 	C:\Windows\SYSTEM32\WINMM.dll
0x00007ffcbef90000 - 0x00007ffcbef9a000 	C:\Windows\SYSTEM32\VERSION.dll
0x00007ffcc7de0000 - 0x00007ffcc7df2000 	C:\Windows\SYSTEM32\UMPDC.dll
0x00007ffcc5e10000 - 0x00007ffcc5e22000 	C:\Windows\SYSTEM32\kernel.appcore.dll
0x00007ffcc52a0000 - 0x00007ffcc52aa000 	c:\Users\User\.vscode\extensions\redhat.java-1.30.0-win32-x64\jre\17.0.10-win32-x86_64\bin\jimage.dll
0x00007ffcb8260000 - 0x00007ffcb8444000 	C:\Windows\SYSTEM32\DBGHELP.DLL
0x00007ffcb81f0000 - 0x00007ffcb8224000 	C:\Windows\SYSTEM32\dbgcore.DLL
0x00007ffcc8890000 - 0x00007ffcc8912000 	C:\Windows\System32\bcryptPrimitives.dll
0x00007ffcc5290000 - 0x00007ffcc529e000 	c:\Users\User\.vscode\extensions\redhat.java-1.30.0-win32-x64\jre\17.0.10-win32-x86_64\bin\instrument.dll
0x00007ffcc51a0000 - 0x00007ffcc51c5000 	c:\Users\User\.vscode\extensions\redhat.java-1.30.0-win32-x64\jre\17.0.10-win32-x86_64\bin\java.dll
0x00007ffcc5150000 - 0x00007ffcc5168000 	c:\Users\User\.vscode\extensions\redhat.java-1.30.0-win32-x64\jre\17.0.10-win32-x86_64\bin\zip.dll
0x00007ffcc98e0000 - 0x00007ffcca04b000 	C:\Windows\System32\SHELL32.dll
0x00007ffcc6010000 - 0x00007ffcc67ae000 	C:\Windows\SYSTEM32\windows.storage.dll
0x00007ffcc9580000 - 0x00007ffcc98d3000 	C:\Windows\System32\combase.dll
0x00007ffcc7820000 - 0x00007ffcc784e000 	C:\Windows\SYSTEM32\Wldp.dll
0x00007ffcca550000 - 0x00007ffcca61d000 	C:\Windows\System32\OLEAUT32.dll
0x00007ffcc90d0000 - 0x00007ffcc917d000 	C:\Windows\System32\SHCORE.dll
0x00007ffcc9070000 - 0x00007ffcc90c5000 	C:\Windows\System32\shlwapi.dll
0x00007ffcc7ed0000 - 0x00007ffcc7ef3000 	C:\Windows\SYSTEM32\profapi.dll
0x00007ffcc3a60000 - 0x00007ffcc3a79000 	C:\Users\User\.vscode\extensions\redhat.java-1.30.0-win32-x64\jre\17.0.10-win32-x86_64\bin\net.dll
0x00007ffcbf170000 - 0x00007ffcbf27a000 	C:\Windows\SYSTEM32\WINHTTP.dll
0x00007ffcc7600000 - 0x00007ffcc766a000 	C:\Windows\system32\mswsock.dll
0x00007ffcc1b40000 - 0x00007ffcc1b56000 	C:\Users\User\.vscode\extensions\redhat.java-1.30.0-win32-x64\jre\17.0.10-win32-x86_64\bin\nio.dll
0x00007ffcc2ca0000 - 0x00007ffcc2cb0000 	c:\Users\User\.vscode\extensions\redhat.java-1.30.0-win32-x64\jre\17.0.10-win32-x86_64\bin\verify.dll

dbghelp: loaded successfully - version: 4.0.5 - missing functions: none
symbol engine: initialized successfully - sym options: 0x614 - pdb path: .;c:\Users\User\.vscode\extensions\redhat.java-1.30.0-win32-x64\jre\17.0.10-win32-x86_64\bin;C:\Windows\SYSTEM32;C:\Windows\WinSxS\amd64_microsoft.windows.common-controls_6595b64144ccf1df_6.0.19041.3636_none_60b6a03d71f818d5;c:\Users\User\.vscode\extensions\redhat.java-1.30.0-win32-x64\jre\17.0.10-win32-x86_64\bin\server

VM Arguments:
jvm_args: --add-modules=ALL-SYSTEM --add-opens=java.base/java.util=ALL-UNNAMED --add-opens=java.base/java.lang=ALL-UNNAMED --add-opens=java.base/sun.nio.fs=ALL-UNNAMED -Declipse.application=org.eclipse.jdt.ls.core.id1 -Dosgi.bundles.defaultStartLevel=4 -Declipse.product=org.eclipse.jdt.ls.core.product -Djava.import.generatesMetadataFilesAtProjectRoot=false -DDetectVMInstallationsJob.disabled=true -Dfile.encoding=utf8 -XX:+UseParallelGC -XX:GCTimeRatio=4 -XX:AdaptiveSizePolicyWeight=90 -Dsun.zip.disableMemoryMapping=true -Xmx1G -Xms100m -Xlog:disable -javaagent:c:\Users\User\.vscode\extensions\redhat.java-1.30.0-win32-x64\lombok\lombok-1.18.32.jar 
java_command: c:\Users\User\.vscode\extensions\redhat.java-1.30.0-win32-x64\server\plugins\org.eclipse.equinox.launcher_1.6.800.v20240330-1250.jar -configuration c:\Users\User\AppData\Roaming\Code\User\globalStorage\redhat.java\1.30.0\config_ss_win -data c:\Users\User\AppData\Roaming\Code\User\workspaceStorage\8a7cc26e94838f83a7f25e2d98ed33b2\redhat.java\ss_ws --pipe=\\.\pipe\lsp-7669f30c24de740fb372856342c4a5ac-sock
java_class_path (initial): c:\Users\User\.vscode\extensions\redhat.java-1.30.0-win32-x64\server\plugins\org.eclipse.equinox.launcher_1.6.800.v20240330-1250.jar
Launcher Type: SUN_STANDARD

[Global flags]
    uintx AdaptiveSizePolicyWeight                 = 90                                        {product} {command line}
     intx CICompilerCount                          = 3                                         {product} {ergonomic}
    uintx GCTimeRatio                              = 4                                         {product} {command line}
   size_t InitialHeapSize                          = 104857600                                 {product} {command line}
   size_t MaxHeapSize                              = 1073741824                                {product} {command line}
   size_t MaxNewSize                               = 357564416                                 {product} {ergonomic}
   size_t MinHeapDeltaBytes                        = 524288                                    {product} {ergonomic}
   size_t MinHeapSize                              = 104857600                                 {product} {command line}
   size_t NewSize                                  = 34603008                                  {product} {ergonomic}
    uintx NonNMethodCodeHeapSize                   = 5832780                                {pd product} {ergonomic}
    uintx NonProfiledCodeHeapSize                  = 122912730                              {pd product} {ergonomic}
   size_t OldSize                                  = 70254592                                  {product} {ergonomic}
    uintx ProfiledCodeHeapSize                     = 122912730                              {pd product} {ergonomic}
    uintx ReservedCodeCacheSize                    = 251658240                              {pd product} {ergonomic}
     bool SegmentedCodeCache                       = true                                      {product} {ergonomic}
   size_t SoftMaxHeapSize                          = 1073741824                             {manageable} {ergonomic}
     bool UseCompressedClassPointers               = true                           {product lp64_product} {ergonomic}
     bool UseCompressedOops                        = true                           {product lp64_product} {ergonomic}
     bool UseLargePagesIndividualAllocation        = false                                  {pd product} {ergonomic}
     bool UseParallelGC                            = true                                      {product} {command line}

Logging:
Log output configuration:
 #0: stdout all=off uptime,level,tags
 #1: stderr all=off uptime,level,tags

Environment Variables:
JAVA_HOME=C:\Program Files\Java\jdk-17\bin
PATH=C:\Program Files\Java\jdk-17\bin;C:\Program Files\Common Files\Oracle\Java\javapath;C:\Program Files (x86)\Common Files\Oracle\Java\java8path;C:\Program Files (x86)\Common Files\Oracle\Java\javapath;C:\Windows\system32;C:\Windows;C:\Windows\System32\Wbem;C:\Windows\System32\WindowsPowerShell\v1.0\;C:\Windows\System32\OpenSSH\;C:\Program Files\Git\cmd;C:\Program Files\Microsoft SQL Server\150\Tools\Binn\;C:\Program Files\Microsoft SQL Server\Client SDK\ODBC\170\Tools\Binn\;C:\Program Files\dotnet\;C:\Users\User\AppData\Roaming\nvm;C:\Program Files\nodejs;C:\Program Files\Docker\Docker\resources\bin;C:\Users\User\Downloads\sonarqube\sonarqube-9.9.4.87374\bin;C:\Users\User\Downloads\sonarqube\sonar-scanner-5.0.1.3006-windows\bin;C:\Users\User\.console-ninja\.bin;C:\Users\User\AppData\Local\Microsoft\WindowsApps;C:\Users\User\AppData\Local\Programs\Microsoft VS Code\bin;C:\Users\User\.dotnet\tools;C:\Users\User\AppData\Roaming\nvm;C:\Program Files\nodejs
USERNAME=User
OS=Windows_NT
PROCESSOR_IDENTIFIER=Intel64 Family 6 Model 63 Stepping 2, GenuineIntel
TMP=C:\Users\User\AppData\Local\Temp
TEMP=C:\Users\User\AppData\Local\Temp



Periodic native trim disabled


---------------  S Y S T E M  ---------------

OS:
 Windows 10 , 64 bit Build 19041 (10.0.19041.3636)
OS uptime: 0 days 12:08 hours
Hyper-V role detected

CPU: total 6 (initial active 6) (3 cores per cpu, 1 threads per core) family 6 model 63 stepping 2 microcode 0x49, cx8, cmov, fxsr, mmx, sse, sse2, sse3, ssse3, sse4.1, sse4.2, popcnt, lzcnt, tsc, tscinvbit, avx, avx2, aes, erms, clmul, bmi1, bmi2, fma, vzeroupper, clflush, hv
Processor Information for all 6 processors :
  Max Mhz: 2300, Current Mhz: 2300, Mhz Limit: 2300

Memory: 4k page, system-wide physical 16383M (2059M free)
TotalPageFile size 16383M (AvailPageFile size 3M)
current process WorkingSet (physical memory assigned to process): 57M, peak: 58M
current process commit charge ("private bytes"): 190M, peak: 192M

vm_info: OpenJDK 64-Bit Server VM (17.0.10+7) for windows-amd64 JRE (17.0.10+7), built on Jan 16 2024 23:25:11 by "admin" with MS VC++ 16.10 / 16.11 (VS2019)

END.
