#
# There is insufficient memory for the Java Runtime Environment to continue.
# Native memory allocation (mmap) failed to map 268435456 bytes for G1 virtual space
# Possible reasons:
#   The system is out of physical RAM or swap space
#   The process is running with CompressedOops enabled, and the Java Heap may be blocking the growth of the native heap
# Possible solutions:
#   Reduce memory load on the system
#   Increase physical memory or swap space
#   Check if swap backing store is full
#   Decrease Java heap size (-Xmx/-Xms)
#   Decrease number of Java threads
#   Decrease Java thread stack sizes (-Xss)
#   Set larger code cache with -XX:ReservedCodeCacheSize=
#   JVM is running with Zero Based Compressed Oops mode in which the Java heap is
#     placed in the first 32GB address space. The Java Heap base address is the
#     maximum limit for the native heap growth. Please use -XX:HeapBaseMinAddress
#     to set the Java Heap base and to place the Java Heap above 32GB virtual address.
# This output file may be truncated or incomplete.
#
#  Out of Memory Error (os_windows.cpp:3559), pid=12280, tid=14864
#
# JRE version:  (17.0.7+7) (build )
# Java VM: OpenJDK 64-Bit Server VM (17.0.7+7, mixed mode, sharing, tiered, compressed oops, compressed class ptrs, g1 gc, windows-amd64)
# No core dump will be written. Minidumps are not enabled by default on client versions of Windows
#

---------------  S U M M A R Y ------------

Command Line: -Djava.awt.headless=true -Dscanner.home=C:\Users\User\Downloads\sonarqube\sonar-scanner-5.0.1.3006-windows\bin\.. -Dproject.home=C:\Users\User\Downloads\emailbrowser ci cd docker org.sonarsource.scanner.cli.Main

Host: Intel(R) Xeon(R) CPU E5-2699 v3 @ 2.30GHz, 6 cores, 15G,  Windows 10 , 64 bit Build 19041 (10.0.19041.3636)
Time: Tue May 14 15:12:12 2024 Malay Peninsula Standard Time elapsed time: 0.062639 seconds (0d 0h 0m 0s)

---------------  T H R E A D  ---------------

Current thread (0x00000201f9a61d00):  JavaThread "Unknown thread" [_thread_in_vm, id=14864, stack(0x000000fedd300000,0x000000fedd400000)]

Stack: [0x000000fedd300000,0x000000fedd400000]
Native frames: (J=compiled Java code, j=interpreted, Vv=VM code, C=native code)
V  [jvm.dll+0x67754a]
V  [jvm.dll+0x834304]
V  [jvm.dll+0x835aae]
V  [jvm.dll+0x836113]
V  [jvm.dll+0x24696f]
V  [jvm.dll+0x6743f9]
V  [jvm.dll+0x668c8a]
V  [jvm.dll+0x3061bb]
V  [jvm.dll+0x30d6a6]
V  [jvm.dll+0x35cece]
V  [jvm.dll+0x35d0ff]
V  [jvm.dll+0x2dd048]
V  [jvm.dll+0x2ddfb4]
V  [jvm.dll+0x8066d1]
V  [jvm.dll+0x36ac91]
V  [jvm.dll+0x7e5cec]
V  [jvm.dll+0x3ed56f]
V  [jvm.dll+0x3ef0a1]
C  [jli.dll+0x528b]
C  [ucrtbase.dll+0x21bb2]
C  [KERNEL32.DLL+0x17344]
C  [ntdll.dll+0x526b1]


---------------  P R O C E S S  ---------------

Threads class SMR info:
_java_thread_list=0x00007ffc63827018, length=0, elements={
}

Java Threads: ( => current thread )

Other Threads:
  0x00000201f9acc1b0 GCTaskThread "GC Thread#0" [stack: 0x000000fedd400000,0x000000fedd500000] [id=10780]
  0x00000201f9add0f0 ConcurrentGCThread "G1 Main Marker" [stack: 0x000000fedd500000,0x000000fedd600000] [id=10076]
  0x00000201f9adeb10 ConcurrentGCThread "G1 Conc#0" [stack: 0x000000fedd600000,0x000000fedd700000] [id=9100]

[error occurred during error reporting (printing all threads), id 0xc0000005, EXCEPTION_ACCESS_VIOLATION (0xc0000005) at pc=0x00007ffc62ffdaf7]

VM state: not at safepoint (not fully initialized)

VM Mutex/Monitor currently owned by a thread:  ([mutex/lock_event])
[0x00000201f9a5c4c0] Heap_lock - owner thread: 0x00000201f9a61d00

Heap address: 0x0000000700000000, size: 4096 MB, Compressed Oops mode: Zero based, Oop shift amount: 3

CDS archive(s) mapped at: [0x0000000000000000-0x0000000000000000-0x0000000000000000), size 0, SharedBaseAddress: 0x0000000800000000, ArchiveRelocationMode: 0.
Narrow klass base: 0x0000000000000000, Narrow klass shift: 0, Narrow klass range: 0x0

GC Precious Log:
<Empty>

Heap:
 garbage-first heap   total 0K, used 0K [0x0000000700000000, 0x0000000800000000)
  region size 2048K, 0 young (0K), 0 survivors (0K)

[error occurred during error reporting (printing heap information), id 0xc0000005, EXCEPTION_ACCESS_VIOLATION (0xc0000005) at pc=0x00007ffc633e0db9]

GC Heap History (0 events):
No events

Dll operation events (1 events):
Event: 0.025 Loaded shared library C:\Users\User\Downloads\sonarqube\sonar-scanner-5.0.1.3006-windows\jre\bin\java.dll

Deoptimization events (0 events):
No events

Classes unloaded (0 events):
No events

Classes redefined (0 events):
No events

Internal exceptions (0 events):
No events

VM Operations (0 events):
No events

Events (0 events):
No events


Dynamic libraries:
0x00007ff6ed570000 - 0x00007ff6ed57e000 	C:\Users\User\Downloads\sonarqube\sonar-scanner-5.0.1.3006-windows\jre\bin\java.exe
0x00007ffcca8f0000 - 0x00007ffccaae8000 	C:\Windows\SYSTEM32\ntdll.dll
0x00007ffcc8a50000 - 0x00007ffcc8b0d000 	C:\Windows\System32\KERNEL32.DLL
0x00007ffcc8350000 - 0x00007ffcc8646000 	C:\Windows\System32\KERNELBASE.dll
0x00007ffcc80c0000 - 0x00007ffcc81c0000 	C:\Windows\System32\ucrtbase.dll
0x00007ffcb7020000 - 0x00007ffcb7037000 	C:\Users\User\Downloads\sonarqube\sonar-scanner-5.0.1.3006-windows\jre\bin\jli.dll
0x00007ffcca1c0000 - 0x00007ffcca35f000 	C:\Windows\System32\USER32.dll
0x00007ffcc8320000 - 0x00007ffcc8342000 	C:\Windows\System32\win32u.dll
0x00007ffcc91e0000 - 0x00007ffcc920b000 	C:\Windows\System32\GDI32.dll
0x00007ffcc8700000 - 0x00007ffcc8817000 	C:\Windows\System32\gdi32full.dll
0x00007ffcc7fa0000 - 0x00007ffcc803d000 	C:\Windows\System32\msvcp_win.dll
0x00007ffcb69e0000 - 0x00007ffcb69f9000 	C:\Users\User\Downloads\sonarqube\sonar-scanner-5.0.1.3006-windows\jre\bin\VCRUNTIME140.dll
0x00007ffcafac0000 - 0x00007ffcafd5a000 	C:\Windows\WinSxS\amd64_microsoft.windows.common-controls_6595b64144ccf1df_6.0.19041.3636_none_60b6a03d71f818d5\COMCTL32.dll
0x00007ffcc9210000 - 0x00007ffcc92ae000 	C:\Windows\System32\msvcrt.dll
0x00007ffcca360000 - 0x00007ffcca392000 	C:\Windows\System32\IMM32.DLL
0x00007ffcbfdb0000 - 0x00007ffcbfdbc000 	C:\Users\User\Downloads\sonarqube\sonar-scanner-5.0.1.3006-windows\jre\bin\vcruntime140_1.dll
0x00007ffc9e8c0000 - 0x00007ffc9e951000 	C:\Users\User\Downloads\sonarqube\sonar-scanner-5.0.1.3006-windows\jre\bin\msvcp140.dll
0x00007ffc62d10000 - 0x00007ffc63958000 	C:\Users\User\Downloads\sonarqube\sonar-scanner-5.0.1.3006-windows\jre\bin\server\jvm.dll
0x00007ffcca050000 - 0x00007ffcca100000 	C:\Windows\System32\ADVAPI32.dll
0x00007ffcca120000 - 0x00007ffcca1c0000 	C:\Windows\System32\sechost.dll
0x00007ffcc92d0000 - 0x00007ffcc93f3000 	C:\Windows\System32\RPCRT4.dll
0x00007ffcc8040000 - 0x00007ffcc8067000 	C:\Windows\System32\bcrypt.dll
0x00007ffcb84f0000 - 0x00007ffcb84f9000 	C:\Windows\SYSTEM32\WSOCK32.dll
0x00007ffcca620000 - 0x00007ffcca68b000 	C:\Windows\System32\WS2_32.dll
0x00007ffcb8450000 - 0x00007ffcb8477000 	C:\Windows\SYSTEM32\WINMM.dll
0x00007ffcbef90000 - 0x00007ffcbef9a000 	C:\Windows\SYSTEM32\VERSION.dll
0x00007ffcc5e10000 - 0x00007ffcc5e22000 	C:\Windows\SYSTEM32\kernel.appcore.dll
0x00007ffcbfd60000 - 0x00007ffcbfd6a000 	C:\Users\User\Downloads\sonarqube\sonar-scanner-5.0.1.3006-windows\jre\bin\jimage.dll
0x00007ffcb8260000 - 0x00007ffcb8444000 	C:\Windows\SYSTEM32\DBGHELP.DLL
0x00007ffcb81f0000 - 0x00007ffcb8224000 	C:\Windows\SYSTEM32\dbgcore.DLL
0x00007ffcc8890000 - 0x00007ffcc8912000 	C:\Windows\System32\bcryptPrimitives.dll
0x00007ffcb2a10000 - 0x00007ffcb2a35000 	C:\Users\User\Downloads\sonarqube\sonar-scanner-5.0.1.3006-windows\jre\bin\java.dll

dbghelp: loaded successfully - version: 4.0.5 - missing functions: none
symbol engine: initialized successfully - sym options: 0x614 - pdb path: .;C:\Users\User\Downloads\sonarqube\sonar-scanner-5.0.1.3006-windows\jre\bin;C:\Windows\SYSTEM32;C:\Windows\WinSxS\amd64_microsoft.windows.common-controls_6595b64144ccf1df_6.0.19041.3636_none_60b6a03d71f818d5;C:\Users\User\Downloads\sonarqube\sonar-scanner-5.0.1.3006-windows\jre\bin\server

VM Arguments:
jvm_args: -Djava.awt.headless=true -Dscanner.home=C:\Users\User\Downloads\sonarqube\sonar-scanner-5.0.1.3006-windows\bin\.. -Dproject.home=C:\Users\User\Downloads\emailbrowser ci cd docker 
java_command: org.sonarsource.scanner.cli.Main
java_class_path (initial): C:\Users\User\Downloads\sonarqube\sonar-scanner-5.0.1.3006-windows\bin\..\lib\sonar-scanner-cli-5.0.1.3006.jar
Launcher Type: SUN_STANDARD

[Global flags]
     intx CICompilerCount                          = 3                                         {product} {ergonomic}
     uint ConcGCThreads                            = 2                                         {product} {ergonomic}
     uint G1ConcRefinementThreads                  = 6                                         {product} {ergonomic}
   size_t G1HeapRegionSize                         = 2097152                                   {product} {ergonomic}
    uintx GCDrainStackTargetSize                   = 64                                        {product} {ergonomic}
   size_t InitialHeapSize                          = 268435456                                 {product} {ergonomic}
   size_t MarkStackSize                            = 4194304                                   {product} {ergonomic}
   size_t MaxHeapSize                              = 4294967296                                {product} {ergonomic}
   size_t MinHeapDeltaBytes                        = 2097152                                   {product} {ergonomic}
   size_t MinHeapSize                              = 8388608                                   {product} {ergonomic}
    uintx NonNMethodCodeHeapSize                   = 5832780                                {pd product} {ergonomic}
    uintx NonProfiledCodeHeapSize                  = 122912730                              {pd product} {ergonomic}
    uintx ProfiledCodeHeapSize                     = 122912730                              {pd product} {ergonomic}
    uintx ReservedCodeCacheSize                    = 251658240                              {pd product} {ergonomic}
     bool SegmentedCodeCache                       = true                                      {product} {ergonomic}
   size_t SoftMaxHeapSize                          = 4294967296                             {manageable} {ergonomic}
     bool UseCompressedClassPointers               = true                           {product lp64_product} {ergonomic}
     bool UseCompressedOops                        = true                           {product lp64_product} {ergonomic}
     bool UseG1GC                                  = true                                      {product} {ergonomic}
     bool UseLargePagesIndividualAllocation        = false                                  {pd product} {ergonomic}

Logging:
Log output configuration:
 #0: stdout all=warning uptime,level,tags
 #1: stderr all=off uptime,level,tags

Environment Variables:
JAVA_HOME=C:\Users\User\Downloads\sonarqube\sonar-scanner-5.0.1.3006-windows\bin\..\jre
PATH=C:\Program Files\Java\jdk-17\bin;C:\Program Files\Common Files\Oracle\Java\javapath;C:\Program Files (x86)\Common Files\Oracle\Java\java8path;C:\Program Files (x86)\Common Files\Oracle\Java\javapath;C:\Windows\system32;C:\Windows;C:\Windows\System32\Wbem;C:\Windows\System32\WindowsPowerShell\v1.0\;C:\Windows\System32\OpenSSH\;C:\Program Files\Git\cmd;C:\Program Files\Microsoft SQL Server\150\Tools\Binn\;C:\Program Files\Microsoft SQL Server\Client SDK\ODBC\170\Tools\Binn\;C:\Program Files\dotnet\;C:\Users\User\AppData\Roaming\nvm;C:\Program Files\nodejs;C:\Program Files\Docker\Docker\resources\bin;C:\Users\User\Downloads\sonarqube\sonarqube-9.9.4.87374\bin;C:\Users\User\Downloads\sonarqube\sonar-scanner-5.0.1.3006-windows\bin;C:\Users\User\.console-ninja\.bin;C:\Users\User\AppData\Local\Microsoft\WindowsApps;C:\Users\User\AppData\Local\Programs\Microsoft VS Code\bin;C:\Users\User\.dotnet\tools;C:\Users\User\AppData\Roaming\nvm;C:\Program Files\nodejs
USERNAME=User
LANG=en_US.UTF-8
OS=Windows_NT
PROCESSOR_IDENTIFIER=Intel64 Family 6 Model 63 Stepping 2, GenuineIntel
TMP=C:\Users\User\AppData\Local\Temp
TEMP=C:\Users\User\AppData\Local\Temp



---------------  S Y S T E M  ---------------

OS:
 Windows 10 , 64 bit Build 19041 (10.0.19041.3636)
OS uptime: 0 days 10:25 hours
Hyper-V role detected

CPU: total 6 (initial active 6) (3 cores per cpu, 1 threads per core) family 6 model 63 stepping 2 microcode 0x49, cx8, cmov, fxsr, mmx, sse, sse2, sse3, ssse3, sse4.1, sse4.2, popcnt, lzcnt, tsc, tscinvbit, avx, avx2, aes, erms, clmul, bmi1, bmi2, fma, vzeroupper, clflush, hv

Memory: 4k page, system-wide physical 16383M (1100M free)
TotalPageFile size 16383M (AvailPageFile size 8M)
current process WorkingSet (physical memory assigned to process): 10M, peak: 10M
current process commit charge ("private bytes"): 56M, peak: 312M

vm_info: OpenJDK 64-Bit Server VM (17.0.7+7) for windows-amd64 JRE (17.0.7+7), built on Apr 18 2023 22:10:42 by "temurin" with MS VC++ 16.7 (VS2019)

END.
